<?xml version="1.0" encoding="UTF-8"?>
<!-- Generated by org.testng.reporters.JUnitReportReporter -->
<testsuite hostname="DESKTOP-8D6GBA0" failures="0" tests="1" name="testCases.testOne" time="38.492" errors="0" timestamp="2021-07-13T20:20:33 IST" skipped="0">
  <testcase classname="testCases.testOne" name="writeExcelTest" time="38.492"/>
  <system-out/>
</testsuite> <!-- testCases.testOne -->
